0 info it worked if it ends with ok
1 verbose cli [ '/usr/bin/nodejs',
1 verbose cli   '/usr/bin/npm',
1 verbose cli   'install',
1 verbose cli   '--save-dev',
1 verbose cli   'mocha' ]
2 info using npm@1.3.10
3 info using node@v0.10.25
4 warn package.json print-easy@0.0.0 No README data
5 verbose readDependencies using package.json deps
6 verbose cache add [ 'mocha', null ]
7 verbose cache add name=undefined spec="mocha" args=["mocha",null]
8 verbose parsed url { protocol: null,
8 verbose parsed url   slashes: null,
8 verbose parsed url   auth: null,
8 verbose parsed url   host: null,
8 verbose parsed url   port: null,
8 verbose parsed url   hostname: null,
8 verbose parsed url   hash: null,
8 verbose parsed url   search: null,
8 verbose parsed url   query: null,
8 verbose parsed url   pathname: 'mocha',
8 verbose parsed url   path: 'mocha',
8 verbose parsed url   href: 'mocha' }
9 silly lockFile a619da43-mocha mocha
10 verbose lock mocha /home/allahbakash/.npm/a619da43-mocha.lock
11 silly lockFile a619da43-mocha mocha
12 silly lockFile a619da43-mocha mocha
13 verbose addNamed [ 'mocha', '' ]
14 verbose addNamed [ null, '*' ]
15 silly lockFile b9899f31-mocha mocha@
16 verbose lock mocha@ /home/allahbakash/.npm/b9899f31-mocha.lock
17 silly addNameRange { name: 'mocha', range: '*', hasData: false }
18 verbose url raw mocha
19 verbose url resolving [ 'https://registry.npmjs.org/', './mocha' ]
20 verbose url resolved https://registry.npmjs.org/mocha
21 info trying registry request attempt 1 at 01:45:31
22 http GET https://registry.npmjs.org/mocha
23 info retry will retry, error on last attempt: Error: CERT_UNTRUSTED
24 info trying registry request attempt 2 at 01:45:41
25 http GET https://registry.npmjs.org/mocha
26 info retry will retry, error on last attempt: Error: CERT_UNTRUSTED
27 info trying registry request attempt 3 at 01:46:42
28 http GET https://registry.npmjs.org/mocha
29 silly lockFile b9899f31-mocha mocha@
30 silly lockFile b9899f31-mocha mocha@
31 error Error: CERT_UNTRUSTED
31 error     at SecurePair.<anonymous> (tls.js:1370:32)
31 error     at SecurePair.EventEmitter.emit (events.js:92:17)
31 error     at SecurePair.maybeInitFinished (tls.js:982:10)
31 error     at CleartextStream.read [as _read] (tls.js:469:13)
31 error     at CleartextStream.Readable.read (_stream_readable.js:320:10)
31 error     at EncryptedStream.write [as _write] (tls.js:366:25)
31 error     at doWrite (_stream_writable.js:223:10)
31 error     at writeOrBuffer (_stream_writable.js:213:5)
31 error     at EncryptedStream.Writable.write (_stream_writable.js:180:11)
31 error     at write (_stream_readable.js:583:24)
32 error If you need help, you may report this log at:
32 error     <http://github.com/isaacs/npm/issues>
32 error or email it to:
32 error     <npm-@googlegroups.com>
33 error System Linux 4.4.0-111-generic
34 error command "/usr/bin/nodejs" "/usr/bin/npm" "install" "--save-dev" "mocha"
35 error cwd /media/allahbakash/Educational/Projects/workspace/print-easy
36 error node -v v0.10.25
37 error npm -v 1.3.10
38 verbose exit [ 1, true ]
